-------------------------------------------------------------------------------
Test set: org.gateconverter.ConverterTest
-------------------------------------------------------------------------------
Tests run: 1, Failures: 0, Errors: 1, Skipped: 0, Time elapsed: 0.25 sec <<< FAILURE!
testConvert(org.gateconverter.ConverterTest)  Time elapsed: 0.23 sec  <<< ERROR!
java.lang.NullPointerException: Cannot invoke method getAnnotations() on null object
	at org.codehaus.groovy.runtime.NullObject.invokeMethod(NullObject.java:77)
	at org.codehaus.groovy.runtime.InvokerHelper.invokePogoMethod(InvokerHelper.java:743)
	at org.codehaus.groovy.runtime.InvokerHelper.invokeMethod(InvokerHelper.java:720)
	at org.codehaus.groovy.runtime.callsite.NullCallSite.call(NullCallSite.java:17)
	at org.codehaus.groovy.runtime.callsite.CallSiteArray.defaultCall(CallSiteArray.java:43)
	at org.codehaus.groovy.runtime.callsite.AbstractCallSite.call(AbstractCallSite.java:116)
	at org.codehaus.groovy.runtime.callsite.AbstractCallSite.call(AbstractCallSite.java:120)
	at org.gateconverter.Converter.gateDocumentToCalaisRDF(Converter.groovy:33)
	at org.gateconverter.Converter$gateDocumentToCalaisRDF.call(Unknown Source)
	at org.codehaus.groovy.runtime.callsite.CallSiteArray.defaultCall(CallSiteArray.java:43)
	at org.codehaus.groovy.runtime.callsite.AbstractCallSite.call(AbstractCallSite.java:116)
	at org.codehaus.groovy.runtime.callsite.AbstractCallSite.call(AbstractCallSite.java:124)
	at org.gateconverter.ConverterTest.testConvert(ConverterTest.groovy:27)

